<?xml version="1.0" encoding="UTF-8"?>
<!-- Generated by org.testng.reporters.JUnitReportReporter -->
<testsuite skipped="0" hostname="Manju-Kothuri" name="cts.miniproject.test.DdExcelWordpressLogin" tests="3" failures="0" timestamp="2020-03-30T10:25:40 IST" time="45.998" errors="0">
  <testcase name="loginToWordpress" time="14.801" classname="cts.miniproject.test.DdExcelWordpressLogin"/>
  <system-out/>
  <testcase name="loginToWordpress" time="16.446" classname="cts.miniproject.test.DdExcelWordpressLogin"/>
  <system-out/>
  <testcase name="loginToWordpress" time="14.751" classname="cts.miniproject.test.DdExcelWordpressLogin"/>
  <system-out/>
</testsuite> <!-- cts.miniproject.test.DdExcelWordpressLogin -->
